[21/07/2022 11:01:23 PM] root INFO : ZTE C300
[21/07/2022 11:01:24 PM] root INFO : <class 'core.SNMPResponse.SNMPResponse'>: {'ifIndex': '1.3.6.1.2.1.2.2.1.2.285278721', 'value': '##OLT_RECO-01-Nodo_viamonte723-gpon-olt_1/2/1##'}
[21/07/2022 11:01:31 PM] root ERROR : 'SNMPLauncher' object has no attribute 'executeBulkRaw'
Traceback (most recent call last):
  File "/home/nms/REST/core/netpix_modules/NetPixer.py", line 246, in getSerialNumber
    out = snmp.executeBulkRaw(self.oidSerialNumber + "." + self.ndx)
AttributeError: 'SNMPLauncher' object has no attribute 'executeBulkRaw'
[21/07/2022 11:01:58 PM] root INFO : ZTE C300
[21/07/2022 11:01:59 PM] root INFO : <class 'core.SNMPResponse.SNMPResponse'>: {'ifIndex': '1.3.6.1.2.1.2.2.1.2.285278721', 'value': '##OLT_RECO-01-Nodo_viamonte723-gpon-olt_1/2/1##'}
[21/07/2022 11:02:05 PM] root ERROR : 'SNMPLauncher' object has no attribute 'executeBulkRaw'
Traceback (most recent call last):
  File "/home/nms/REST/core/netpix_modules/NetPixer.py", line 246, in getSerialNumber
    out = snmp.executeBulkRaw(self.oidSerialNumber + "." + self.ndx)
AttributeError: 'SNMPLauncher' object has no attribute 'executeBulkRaw'
[21/07/2022 11:02:34 PM] root INFO : ZTE C300
[21/07/2022 11:02:35 PM] root INFO : <class 'core.SNMPResponse.SNMPResponse'>: {'ifIndex': '1.3.6.1.2.1.2.2.1.2.285278721', 'value': '##OLT_RECO-01-Nodo_viamonte723-gpon-olt_1/2/1##'}
[21/07/2022 11:02:41 PM] root ERROR : 'SNMPLauncher' object has no attribute 'executeBulkRaw'
Traceback (most recent call last):
  File "/home/nms/REST/core/netpix_modules/NetPixer.py", line 246, in getSerialNumber
    out = snmp.executeBulkRaw(self.oidSerialNumber + "." + self.ndx)
AttributeError: 'SNMPLauncher' object has no attribute 'executeBulkRaw'
[21/07/2022 11:03:07 PM] root INFO : ZTE C300
[21/07/2022 11:03:07 PM] root INFO : <class 'core.SNMPResponse.SNMPResponse'>: {'ifIndex': '1.3.6.1.2.1.2.2.1.2.285278721', 'value': '##OLT_RECO-01-Nodo_viamonte723-gpon-olt_1/2/1##'}
[21/07/2022 11:03:14 PM] root ERROR : 'SNMPLauncher' object has no attribute 'executeBulkRaw'
Traceback (most recent call last):
  File "/home/nms/REST/core/netpix_modules/NetPixer.py", line 246, in getSerialNumber
    out = snmp.executeBulkRaw(self.oidSerialNumber + "." + self.ndx)
AttributeError: 'SNMPLauncher' object has no attribute 'executeBulkRaw'
[21/07/2022 11:03:46 PM] root INFO : ZTE C300
[21/07/2022 11:03:47 PM] root INFO : <class 'core.SNMPResponse.SNMPResponse'>: {'ifIndex': '1.3.6.1.2.1.2.2.1.2.285278721', 'value': '##OLT_RECO-01-Nodo_viamonte723-gpon-olt_1/2/1##'}
[21/07/2022 11:03:52 PM] root ERROR : 'SNMPLauncher' object has no attribute 'executeBulkRaw'
Traceback (most recent call last):
  File "/home/nms/REST/core/netpix_modules/NetPixer.py", line 247, in getSerialNumber
    out = snmp.executeBulkRaw(self.oidSerialNumber + "." + self.ndx)
AttributeError: 'SNMPLauncher' object has no attribute 'executeBulkRaw'
[21/07/2022 11:04:33 PM] root INFO : ZTE C300
[21/07/2022 11:04:34 PM] root INFO : <class 'core.SNMPResponse.SNMPResponse'>: {'ifIndex': '1.3.6.1.2.1.2.2.1.2.285278721', 'value': '##OLT_RECO-01-Nodo_viamonte723-gpon-olt_1/2/1##'}
[21/07/2022 11:04:42 PM] root ERROR : 'SNMPLauncher' object has no attribute 'executeBulkRaw'
Traceback (most recent call last):
  File "/home/nms/REST/core/netpix_modules/NetPixer.py", line 248, in getSerialNumber
    out = snmp.executeBulkRaw(self.oidSerialNumber + "." + self.ndx)
AttributeError: 'SNMPLauncher' object has no attribute 'executeBulkRaw'
[21/07/2022 11:04:59 PM] root INFO : ZTE C300
[21/07/2022 11:05:00 PM] root INFO : <class 'core.SNMPResponse.SNMPResponse'>: {'ifIndex': '1.3.6.1.2.1.2.2.1.2.285278721', 'value': '##OLT_RECO-01-Nodo_viamonte723-gpon-olt_1/2/1##'}
[21/07/2022 11:05:07 PM] root ERROR : 'SNMPLauncher' object has no attribute 'executeBulkRaw'
Traceback (most recent call last):
  File "/home/nms/REST/core/netpix_modules/NetPixer.py", line 247, in getSerialNumber
    out = snmp.executeBulkRaw(self.oidSerialNumber + "." + self.ndx)
AttributeError: 'SNMPLauncher' object has no attribute 'executeBulkRaw'
[21/07/2022 11:05:15 PM] root INFO : ZTE C300
[21/07/2022 11:05:16 PM] root INFO : <class 'core.SNMPResponse.SNMPResponse'>: {'ifIndex': '1.3.6.1.2.1.2.2.1.2.285278721', 'value': '##OLT_RECO-01-Nodo_viamonte723-gpon-olt_1/2/1##'}
[21/07/2022 11:06:22 PM] root INFO : ZTE C300
[21/07/2022 11:06:22 PM] root INFO : <class 'core.SNMPResponse.SNMPResponse'>: {'ifIndex': '1.3.6.1.2.1.2.2.1.2.285278721', 'value': '##OLT_RECO-01-Nodo_viamonte723-gpon-olt_1/2/1##'}
[21/07/2022 11:07:25 PM] root INFO : ZTE C300
[21/07/2022 11:07:25 PM] root INFO : <class 'core.SNMPResponse.SNMPResponse'>: {'ifIndex': '1.3.6.1.2.1.2.2.1.2.285278721', 'value': '##OLT_RECO-01-Nodo_viamonte723-gpon-olt_1/2/1##'}
[21/07/2022 11:08:51 PM] root INFO : ZTE C300
[21/07/2022 11:08:52 PM] root INFO : <class 'core.SNMPResponse.SNMPResponse'>: {'ifIndex': '1.3.6.1.2.1.2.2.1.2.285278721', 'value': '##OLT_RECO-01-Nodo_viamonte723-gpon-olt_1/2/1##'}
[21/07/2022 11:09:34 PM] root INFO : HUAWEI
[21/07/2022 11:09:35 PM] root INFO : <class 'core.SNMPResponse.SNMPResponse'>: {'ifIndex': '1.3.6.1.2.1.31.1.1.1.18.4194312192', 'value': '##OLT3_Warnes571_MZA-13-011-MarioBravo986(1)gpon-olt0/1/0##'}
